<?xml version="1.0" encoding="UTF-8"?>
<testsuite xmlns:xsi="http://www.w3.org/2001/XMLSchema-instance" xsi:noNamespaceSchemaLocation="https://maven.apache.org/surefire/maven-surefire-plugin/xsd/surefire-test-report-3.0.xsd" version="3.0" name="com.squirtle.test.SpringBootTestApplicationTests" time="4.087" tests="1" errors="0" skipped="0" failures="0">
  <properties>
    <property name="java.specification.version" value="17"/>
    <property name="sun.cpu.isalist" value="amd64"/>
    <property name="sun.jnu.encoding" value="GBK"/>
    <property name="java.class.path" value="I:\Project\Study\springBootTest\springBootTest\target\test-classes;I:\Project\Study\springBootTest\springBootTest\target\classes;J:\MyselfRepo\org\springframework\boot\spring-boot-starter\3.3.1\spring-boot-starter-3.3.1.jar;J:\MyselfRepo\org\springframework\boot\spring-boot\3.3.1\spring-boot-3.3.1.jar;J:\MyselfRepo\org\springframework\spring-context\6.1.10\spring-context-6.1.10.jar;J:\MyselfRepo\org\springframework\boot\spring-boot-autoconfigure\3.3.1\spring-boot-autoconfigure-3.3.1.jar;J:\MyselfRepo\org\springframework\boot\spring-boot-starter-logging\3.3.1\spring-boot-starter-logging-3.3.1.jar;J:\MyselfRepo\ch\qos\logback\logback-classic\1.5.6\logback-classic-1.5.6.jar;J:\MyselfRepo\ch\qos\logback\logback-core\1.5.6\logback-core-1.5.6.jar;J:\MyselfRepo\org\apache\logging\log4j\log4j-to-slf4j\2.23.1\log4j-to-slf4j-2.23.1.jar;J:\MyselfRepo\org\apache\logging\log4j\log4j-api\2.23.1\log4j-api-2.23.1.jar;J:\MyselfRepo\org\slf4j\jul-to-slf4j\2.0.13\jul-to-slf4j-2.0.13.jar;J:\MyselfRepo\jakarta\annotation\jakarta.annotation-api\2.1.1\jakarta.annotation-api-2.1.1.jar;J:\MyselfRepo\org\springframework\spring-core\6.1.10\spring-core-6.1.10.jar;J:\MyselfRepo\org\springframework\spring-jcl\6.1.10\spring-jcl-6.1.10.jar;J:\MyselfRepo\org\yaml\snakeyaml\2.2\snakeyaml-2.2.jar;J:\MyselfRepo\org\springframework\boot\spring-boot-starter-test\3.3.1\spring-boot-starter-test-3.3.1.jar;J:\MyselfRepo\org\springframework\boot\spring-boot-test\3.3.1\spring-boot-test-3.3.1.jar;J:\MyselfRepo\org\springframework\boot\spring-boot-test-autoconfigure\3.3.1\spring-boot-test-autoconfigure-3.3.1.jar;J:\MyselfRepo\com\jayway\jsonpath\json-path\2.9.0\json-path-2.9.0.jar;J:\MyselfRepo\jakarta\xml\bind\jakarta.xml.bind-api\4.0.2\jakarta.xml.bind-api-4.0.2.jar;J:\MyselfRepo\jakarta\activation\jakarta.activation-api\2.1.3\jakarta.activation-api-2.1.3.jar;J:\MyselfRepo\net\minidev\json-smart\2.5.1\json-smart-2.5.1.jar;J:\MyselfRepo\net\minidev\accessors-smart\2.5.1\accessors-smart-2.5.1.jar;J:\MyselfRepo\org\ow2\asm\asm\9.6\asm-9.6.jar;J:\MyselfRepo\org\assertj\assertj-core\3.25.3\assertj-core-3.25.3.jar;J:\MyselfRepo\net\bytebuddy\byte-buddy\1.14.17\byte-buddy-1.14.17.jar;J:\MyselfRepo\org\awaitility\awaitility\4.2.1\awaitility-4.2.1.jar;J:\MyselfRepo\org\hamcrest\hamcrest\2.2\hamcrest-2.2.jar;J:\MyselfRepo\org\junit\jupiter\junit-jupiter\5.10.2\junit-jupiter-5.10.2.jar;J:\MyselfRepo\org\junit\jupiter\junit-jupiter-api\5.10.2\junit-jupiter-api-5.10.2.jar;J:\MyselfRepo\org\opentest4j\opentest4j\1.3.0\opentest4j-1.3.0.jar;J:\MyselfRepo\org\junit\platform\junit-platform-commons\1.10.2\junit-platform-commons-1.10.2.jar;J:\MyselfRepo\org\apiguardian\apiguardian-api\1.1.2\apiguardian-api-1.1.2.jar;J:\MyselfRepo\org\junit\jupiter\junit-jupiter-params\5.10.2\junit-jupiter-params-5.10.2.jar;J:\MyselfRepo\org\junit\jupiter\junit-jupiter-engine\5.10.2\junit-jupiter-engine-5.10.2.jar;J:\MyselfRepo\org\junit\platform\junit-platform-engine\1.10.2\junit-platform-engine-1.10.2.jar;J:\MyselfRepo\org\mockito\mockito-core\5.11.0\mockito-core-5.11.0.jar;J:\MyselfRepo\net\bytebuddy\byte-buddy-agent\1.14.17\byte-buddy-agent-1.14.17.jar;J:\MyselfRepo\org\objenesis\objenesis\3.3\objenesis-3.3.jar;J:\MyselfRepo\org\mockito\mockito-junit-jupiter\5.11.0\mockito-junit-jupiter-5.11.0.jar;J:\MyselfRepo\org\skyscreamer\jsonassert\1.5.1\jsonassert-1.5.1.jar;J:\MyselfRepo\com\vaadin\external\google\android-json\0.0.20131108.vaadin1\android-json-0.0.20131108.vaadin1.jar;J:\MyselfRepo\org\springframework\spring-test\6.1.10\spring-test-6.1.10.jar;J:\MyselfRepo\org\xmlunit\xmlunit-core\2.9.1\xmlunit-core-2.9.1.jar;J:\MyselfRepo\org\springframework\boot\spring-boot-starter-web\3.3.1\spring-boot-starter-web-3.3.1.jar;J:\MyselfRepo\org\springframework\boot\spring-boot-starter-json\3.3.1\spring-boot-starter-json-3.3.1.jar;J:\MyselfRepo\com\fasterxml\jackson\core\jackson-databind\2.17.1\jackson-databind-2.17.1.jar;J:\MyselfRepo\com\fasterxml\jackson\core\jackson-annotations\2.17.1\jackson-annotations-2.17.1.jar;J:\MyselfRepo\com\fasterxml\jackson\core\jackson-core\2.17.1\jackson-core-2.17.1.jar;J:\MyselfRepo\com\fasterxml\jackson\datatype\jackson-datatype-jdk8\2.17.1\jackson-datatype-jdk8-2.17.1.jar;J:\MyselfRepo\com\fasterxml\jackson\datatype\jackson-datatype-jsr310\2.17.1\jackson-datatype-jsr310-2.17.1.jar;J:\MyselfRepo\com\fasterxml\jackson\module\jackson-module-parameter-names\2.17.1\jackson-module-parameter-names-2.17.1.jar;J:\MyselfRepo\org\springframework\spring-web\6.1.10\spring-web-6.1.10.jar;J:\MyselfRepo\org\springframework\spring-beans\6.1.10\spring-beans-6.1.10.jar;J:\MyselfRepo\io\micrometer\micrometer-observation\1.13.1\micrometer-observation-1.13.1.jar;J:\MyselfRepo\io\micrometer\micrometer-commons\1.13.1\micrometer-commons-1.13.1.jar;J:\MyselfRepo\org\springframework\spring-webmvc\6.1.10\spring-webmvc-6.1.10.jar;J:\MyselfRepo\org\springframework\spring-aop\6.1.10\spring-aop-6.1.10.jar;J:\MyselfRepo\org\springframework\spring-expression\6.1.10\spring-expression-6.1.10.jar;J:\MyselfRepo\org\springframework\boot\spring-boot-starter-undertow\3.3.1\spring-boot-starter-undertow-3.3.1.jar;J:\MyselfRepo\io\undertow\undertow-core\2.3.13.Final\undertow-core-2.3.13.Final.jar;J:\MyselfRepo\org\jboss\logging\jboss-logging\3.5.3.Final\jboss-logging-3.5.3.Final.jar;J:\MyselfRepo\org\jboss\xnio\xnio-api\3.8.8.Final\xnio-api-3.8.8.Final.jar;J:\MyselfRepo\org\wildfly\common\wildfly-common\1.5.4.Final\wildfly-common-1.5.4.Final.jar;J:\MyselfRepo\org\wildfly\client\wildfly-client-config\1.0.1.Final\wildfly-client-config-1.0.1.Final.jar;J:\MyselfRepo\org\jboss\xnio\xnio-nio\3.8.8.Final\xnio-nio-3.8.8.Final.jar;J:\MyselfRepo\org\jboss\threads\jboss-threads\3.5.0.Final\jboss-threads-3.5.0.Final.jar;J:\MyselfRepo\io\undertow\undertow-servlet\2.3.13.Final\undertow-servlet-2.3.13.Final.jar;J:\MyselfRepo\jakarta\servlet\jakarta.servlet-api\6.0.0\jakarta.servlet-api-6.0.0.jar;J:\MyselfRepo\io\undertow\undertow-websockets-jsr\2.3.13.Final\undertow-websockets-jsr-2.3.13.Final.jar;J:\MyselfRepo\jakarta\websocket\jakarta.websocket-api\2.1.1\jakarta.websocket-api-2.1.1.jar;J:\MyselfRepo\jakarta\websocket\jakarta.websocket-client-api\2.1.1\jakarta.websocket-client-api-2.1.1.jar;J:\MyselfRepo\org\apache\tomcat\embed\tomcat-embed-el\10.1.25\tomcat-embed-el-10.1.25.jar;J:\MyselfRepo\javax\servlet\javax.servlet-api\4.0.1\javax.servlet-api-4.0.1.jar;J:\MyselfRepo\com\mysql\mysql-connector-j\8.0.33\mysql-connector-j-8.0.33.jar;J:\MyselfRepo\com\alibaba\druid-spring-boot-3-starter\1.2.24\druid-spring-boot-3-starter-1.2.24.jar;J:\MyselfRepo\com\alibaba\druid\1.2.24\druid-1.2.24.jar;J:\MyselfRepo\org\slf4j\slf4j-api\2.0.13\slf4j-api-2.0.13.jar;J:\MyselfRepo\com\baomidou\mybatis-plus-spring-boot3-starter\3.5.7\mybatis-plus-spring-boot3-starter-3.5.7.jar;J:\MyselfRepo\com\baomidou\mybatis-plus\3.5.7\mybatis-plus-3.5.7.jar;J:\MyselfRepo\com\baomidou\mybatis-plus-core\3.5.7\mybatis-plus-core-3.5.7.jar;J:\MyselfRepo\com\baomidou\mybatis-plus-annotation\3.5.7\mybatis-plus-annotation-3.5.7.jar;J:\MyselfRepo\com\baomidou\mybatis-plus-extension\3.5.7\mybatis-plus-extension-3.5.7.jar;J:\MyselfRepo\org\mybatis\mybatis\3.5.16\mybatis-3.5.16.jar;J:\MyselfRepo\com\github\jsqlparser\jsqlparser\4.9\jsqlparser-4.9.jar;J:\MyselfRepo\org\mybatis\mybatis-spring\3.0.3\mybatis-spring-3.0.3.jar;J:\MyselfRepo\com\baomidou\mybatis-plus-spring-boot-autoconfigure\3.5.7\mybatis-plus-spring-boot-autoconfigure-3.5.7.jar;J:\MyselfRepo\org\springframework\boot\spring-boot-starter-jdbc\3.3.1\spring-boot-starter-jdbc-3.3.1.jar;J:\MyselfRepo\com\zaxxer\HikariCP\5.1.0\HikariCP-5.1.0.jar;J:\MyselfRepo\org\springframework\spring-jdbc\6.1.10\spring-jdbc-6.1.10.jar;J:\MyselfRepo\org\springframework\spring-tx\6.1.10\spring-tx-6.1.10.jar;J:\MyselfRepo\com\github\xiaoymin\knife4j-openapi3-jakarta-spring-boot-starter\4.4.0\knife4j-openapi3-jakarta-spring-boot-starter-4.4.0.jar;J:\MyselfRepo\com\github\xiaoymin\knife4j-core\4.5.0\knife4j-core-4.5.0.jar;J:\MyselfRepo\com\github\xiaoymin\knife4j-openapi3-ui\4.5.0\knife4j-openapi3-ui-4.5.0.jar;J:\MyselfRepo\org\springdoc\springdoc-openapi-starter-webmvc-ui\2.3.0\springdoc-openapi-starter-webmvc-ui-2.3.0.jar;J:\MyselfRepo\org\springdoc\springdoc-openapi-starter-webmvc-api\2.3.0\springdoc-openapi-starter-webmvc-api-2.3.0.jar;J:\MyselfRepo\org\springdoc\springdoc-openapi-starter-common\2.3.0\springdoc-openapi-starter-common-2.3.0.jar;J:\MyselfRepo\io\swagger\core\v3\swagger-core-jakarta\2.2.19\swagger-core-jakarta-2.2.19.jar;J:\MyselfRepo\org\apache\commons\commons-lang3\3.14.0\commons-lang3-3.14.0.jar;J:\MyselfRepo\io\swagger\core\v3\swagger-annotations-jakarta\2.2.19\swagger-annotations-jakarta-2.2.19.jar;J:\MyselfRepo\io\swagger\core\v3\swagger-models-jakarta\2.2.19\swagger-models-jakarta-2.2.19.jar;J:\MyselfRepo\jakarta\validation\jakarta.validation-api\3.0.2\jakarta.validation-api-3.0.2.jar;J:\MyselfRepo\com\fasterxml\jackson\dataformat\jackson-dataformat-yaml\2.17.1\jackson-dataformat-yaml-2.17.1.jar;J:\MyselfRepo\org\webjars\swagger-ui\5.10.3\swagger-ui-5.10.3.jar;J:\MyselfRepo\org\apache\shiro\shiro-spring\2.0.2\shiro-spring-2.0.2.jar;J:\MyselfRepo\org\apache\shiro\shiro-core\2.0.2\shiro-core-2.0.2.jar;J:\MyselfRepo\org\apache\shiro\shiro-lang\2.0.2\shiro-lang-2.0.2.jar;J:\MyselfRepo\org\apache\shiro\shiro-cache\2.0.2\shiro-cache-2.0.2.jar;J:\MyselfRepo\org\apache\shiro\shiro-crypto-hash\2.0.2\shiro-crypto-hash-2.0.2.jar;J:\MyselfRepo\org\apache\shiro\shiro-crypto-core\2.0.2\shiro-crypto-core-2.0.2.jar;J:\MyselfRepo\org\bouncycastle\bcprov-jdk18on\1.79\bcprov-jdk18on-1.79.jar;J:\MyselfRepo\org\apache\shiro\crypto\shiro-hashes-argon2\2.0.2\shiro-hashes-argon2-2.0.2.jar;J:\MyselfRepo\org\apache\shiro\crypto\shiro-hashes-bcrypt\2.0.2\shiro-hashes-bcrypt-2.0.2.jar;J:\MyselfRepo\org\apache\shiro\shiro-crypto-cipher\2.0.2\shiro-crypto-cipher-2.0.2.jar;J:\MyselfRepo\org\apache\shiro\shiro-config-core\2.0.2\shiro-config-core-2.0.2.jar;J:\MyselfRepo\org\apache\shiro\shiro-config-ogdl\2.0.2\shiro-config-ogdl-2.0.2.jar;J:\MyselfRepo\commons-beanutils\commons-beanutils\1.9.4\commons-beanutils-1.9.4.jar;J:\MyselfRepo\commons-collections\commons-collections\3.2.2\commons-collections-3.2.2.jar;J:\MyselfRepo\org\apache\shiro\shiro-event\2.0.2\shiro-event-2.0.2.jar;J:\MyselfRepo\org\apache\shiro\shiro-web\2.0.2\shiro-web-2.0.2.jar;J:\MyselfRepo\org\owasp\encoder\encoder\1.3.1\encoder-1.3.1.jar;J:\MyselfRepo\org\projectlombok\lombok\1.18.22\lombok-1.18.22.jar;J:\MyselfRepo\cn\hutool\hutool-all\5.8.29\hutool-all-5.8.29.jar;J:\MyselfRepo\org\apache\httpcomponents\httpcore\4.4.16\httpcore-4.4.16.jar;J:\MyselfRepo\org\apache\httpcomponents\httpclient\4.5.14\httpclient-4.5.14.jar;J:\MyselfRepo\commons-logging\commons-logging\1.2\commons-logging-1.2.jar;J:\MyselfRepo\commons-codec\commons-codec\1.16.1\commons-codec-1.16.1.jar;J:\MyselfRepo\com\alibaba\fastjson2\fastjson2\2.0.52\fastjson2-2.0.52.jar;J:\MyselfRepo\org\mapstruct\mapstruct\1.5.2.Final\mapstruct-1.5.2.Final.jar;J:\MyselfRepo\org\mapstruct\mapstruct-processor\1.5.2.Final\mapstruct-processor-1.5.2.Final.jar;"/>
    <property name="java.vm.vendor" value="Oracle Corporation"/>
    <property name="sun.arch.data.model" value="64"/>
    <property name="user.variant" value=""/>
    <property name="java.vendor.url" value="https://java.oracle.com/"/>
    <property name="user.timezone" value="Asia/Shanghai"/>
    <property name="org.jboss.logging.provider" value="slf4j"/>
    <property name="os.name" value="Windows 11"/>
    <property name="java.vm.specification.version" value="17"/>
    <property name="sun.java.launcher" value="SUN_STANDARD"/>
    <property name="user.country" value="CN"/>
    <property name="sun.boot.library.path" value="H:\JavaInstall\JDK_Version\JDK17\bin"/>
    <property name="sun.java.command" value="C:\Users\admin\AppData\Local\Temp\surefire1166832596339256984\surefirebooter-20241207172230806_3.jar C:\Users\admin\AppData\Local\Temp\surefire1166832596339256984 2024-12-07T17-22-30_658-jvmRun1 surefire-20241207172230806_1tmp surefire_0-20241207172230806_2tmp"/>
    <property name="jdk.debug" value="release"/>
    <property name="surefire.test.class.path" value="I:\Project\Study\springBootTest\springBootTest\target\test-classes;I:\Project\Study\springBootTest\springBootTest\target\classes;J:\MyselfRepo\org\springframework\boot\spring-boot-starter\3.3.1\spring-boot-starter-3.3.1.jar;J:\MyselfRepo\org\springframework\boot\spring-boot\3.3.1\spring-boot-3.3.1.jar;J:\MyselfRepo\org\springframework\spring-context\6.1.10\spring-context-6.1.10.jar;J:\MyselfRepo\org\springframework\boot\spring-boot-autoconfigure\3.3.1\spring-boot-autoconfigure-3.3.1.jar;J:\MyselfRepo\org\springframework\boot\spring-boot-starter-logging\3.3.1\spring-boot-starter-logging-3.3.1.jar;J:\MyselfRepo\ch\qos\logback\logback-classic\1.5.6\logback-classic-1.5.6.jar;J:\MyselfRepo\ch\qos\logback\logback-core\1.5.6\logback-core-1.5.6.jar;J:\MyselfRepo\org\apache\logging\log4j\log4j-to-slf4j\2.23.1\log4j-to-slf4j-2.23.1.jar;J:\MyselfRepo\org\apache\logging\log4j\log4j-api\2.23.1\log4j-api-2.23.1.jar;J:\MyselfRepo\org\slf4j\jul-to-slf4j\2.0.13\jul-to-slf4j-2.0.13.jar;J:\MyselfRepo\jakarta\annotation\jakarta.annotation-api\2.1.1\jakarta.annotation-api-2.1.1.jar;J:\MyselfRepo\org\springframework\spring-core\6.1.10\spring-core-6.1.10.jar;J:\MyselfRepo\org\springframework\spring-jcl\6.1.10\spring-jcl-6.1.10.jar;J:\MyselfRepo\org\yaml\snakeyaml\2.2\snakeyaml-2.2.jar;J:\MyselfRepo\org\springframework\boot\spring-boot-starter-test\3.3.1\spring-boot-starter-test-3.3.1.jar;J:\MyselfRepo\org\springframework\boot\spring-boot-test\3.3.1\spring-boot-test-3.3.1.jar;J:\MyselfRepo\org\springframework\boot\spring-boot-test-autoconfigure\3.3.1\spring-boot-test-autoconfigure-3.3.1.jar;J:\MyselfRepo\com\jayway\jsonpath\json-path\2.9.0\json-path-2.9.0.jar;J:\MyselfRepo\jakarta\xml\bind\jakarta.xml.bind-api\4.0.2\jakarta.xml.bind-api-4.0.2.jar;J:\MyselfRepo\jakarta\activation\jakarta.activation-api\2.1.3\jakarta.activation-api-2.1.3.jar;J:\MyselfRepo\net\minidev\json-smart\2.5.1\json-smart-2.5.1.jar;J:\MyselfRepo\net\minidev\accessors-smart\2.5.1\accessors-smart-2.5.1.jar;J:\MyselfRepo\org\ow2\asm\asm\9.6\asm-9.6.jar;J:\MyselfRepo\org\assertj\assertj-core\3.25.3\assertj-core-3.25.3.jar;J:\MyselfRepo\net\bytebuddy\byte-buddy\1.14.17\byte-buddy-1.14.17.jar;J:\MyselfRepo\org\awaitility\awaitility\4.2.1\awaitility-4.2.1.jar;J:\MyselfRepo\org\hamcrest\hamcrest\2.2\hamcrest-2.2.jar;J:\MyselfRepo\org\junit\jupiter\junit-jupiter\5.10.2\junit-jupiter-5.10.2.jar;J:\MyselfRepo\org\junit\jupiter\junit-jupiter-api\5.10.2\junit-jupiter-api-5.10.2.jar;J:\MyselfRepo\org\opentest4j\opentest4j\1.3.0\opentest4j-1.3.0.jar;J:\MyselfRepo\org\junit\platform\junit-platform-commons\1.10.2\junit-platform-commons-1.10.2.jar;J:\MyselfRepo\org\apiguardian\apiguardian-api\1.1.2\apiguardian-api-1.1.2.jar;J:\MyselfRepo\org\junit\jupiter\junit-jupiter-params\5.10.2\junit-jupiter-params-5.10.2.jar;J:\MyselfRepo\org\junit\jupiter\junit-jupiter-engine\5.10.2\junit-jupiter-engine-5.10.2.jar;J:\MyselfRepo\org\junit\platform\junit-platform-engine\1.10.2\junit-platform-engine-1.10.2.jar;J:\MyselfRepo\org\mockito\mockito-core\5.11.0\mockito-core-5.11.0.jar;J:\MyselfRepo\net\bytebuddy\byte-buddy-agent\1.14.17\byte-buddy-agent-1.14.17.jar;J:\MyselfRepo\org\objenesis\objenesis\3.3\objenesis-3.3.jar;J:\MyselfRepo\org\mockito\mockito-junit-jupiter\5.11.0\mockito-junit-jupiter-5.11.0.jar;J:\MyselfRepo\org\skyscreamer\jsonassert\1.5.1\jsonassert-1.5.1.jar;J:\MyselfRepo\com\vaadin\external\google\android-json\0.0.20131108.vaadin1\android-json-0.0.20131108.vaadin1.jar;J:\MyselfRepo\org\springframework\spring-test\6.1.10\spring-test-6.1.10.jar;J:\MyselfRepo\org\xmlunit\xmlunit-core\2.9.1\xmlunit-core-2.9.1.jar;J:\MyselfRepo\org\springframework\boot\spring-boot-starter-web\3.3.1\spring-boot-starter-web-3.3.1.jar;J:\MyselfRepo\org\springframework\boot\spring-boot-starter-json\3.3.1\spring-boot-starter-json-3.3.1.jar;J:\MyselfRepo\com\fasterxml\jackson\core\jackson-databind\2.17.1\jackson-databind-2.17.1.jar;J:\MyselfRepo\com\fasterxml\jackson\core\jackson-annotations\2.17.1\jackson-annotations-2.17.1.jar;J:\MyselfRepo\com\fasterxml\jackson\core\jackson-core\2.17.1\jackson-core-2.17.1.jar;J:\MyselfRepo\com\fasterxml\jackson\datatype\jackson-datatype-jdk8\2.17.1\jackson-datatype-jdk8-2.17.1.jar;J:\MyselfRepo\com\fasterxml\jackson\datatype\jackson-datatype-jsr310\2.17.1\jackson-datatype-jsr310-2.17.1.jar;J:\MyselfRepo\com\fasterxml\jackson\module\jackson-module-parameter-names\2.17.1\jackson-module-parameter-names-2.17.1.jar;J:\MyselfRepo\org\springframework\spring-web\6.1.10\spring-web-6.1.10.jar;J:\MyselfRepo\org\springframework\spring-beans\6.1.10\spring-beans-6.1.10.jar;J:\MyselfRepo\io\micrometer\micrometer-observation\1.13.1\micrometer-observation-1.13.1.jar;J:\MyselfRepo\io\micrometer\micrometer-commons\1.13.1\micrometer-commons-1.13.1.jar;J:\MyselfRepo\org\springframework\spring-webmvc\6.1.10\spring-webmvc-6.1.10.jar;J:\MyselfRepo\org\springframework\spring-aop\6.1.10\spring-aop-6.1.10.jar;J:\MyselfRepo\org\springframework\spring-expression\6.1.10\spring-expression-6.1.10.jar;J:\MyselfRepo\org\springframework\boot\spring-boot-starter-undertow\3.3.1\spring-boot-starter-undertow-3.3.1.jar;J:\MyselfRepo\io\undertow\undertow-core\2.3.13.Final\undertow-core-2.3.13.Final.jar;J:\MyselfRepo\org\jboss\logging\jboss-logging\3.5.3.Final\jboss-logging-3.5.3.Final.jar;J:\MyselfRepo\org\jboss\xnio\xnio-api\3.8.8.Final\xnio-api-3.8.8.Final.jar;J:\MyselfRepo\org\wildfly\common\wildfly-common\1.5.4.Final\wildfly-common-1.5.4.Final.jar;J:\MyselfRepo\org\wildfly\client\wildfly-client-config\1.0.1.Final\wildfly-client-config-1.0.1.Final.jar;J:\MyselfRepo\org\jboss\xnio\xnio-nio\3.8.8.Final\xnio-nio-3.8.8.Final.jar;J:\MyselfRepo\org\jboss\threads\jboss-threads\3.5.0.Final\jboss-threads-3.5.0.Final.jar;J:\MyselfRepo\io\undertow\undertow-servlet\2.3.13.Final\undertow-servlet-2.3.13.Final.jar;J:\MyselfRepo\jakarta\servlet\jakarta.servlet-api\6.0.0\jakarta.servlet-api-6.0.0.jar;J:\MyselfRepo\io\undertow\undertow-websockets-jsr\2.3.13.Final\undertow-websockets-jsr-2.3.13.Final.jar;J:\MyselfRepo\jakarta\websocket\jakarta.websocket-api\2.1.1\jakarta.websocket-api-2.1.1.jar;J:\MyselfRepo\jakarta\websocket\jakarta.websocket-client-api\2.1.1\jakarta.websocket-client-api-2.1.1.jar;J:\MyselfRepo\org\apache\tomcat\embed\tomcat-embed-el\10.1.25\tomcat-embed-el-10.1.25.jar;J:\MyselfRepo\javax\servlet\javax.servlet-api\4.0.1\javax.servlet-api-4.0.1.jar;J:\MyselfRepo\com\mysql\mysql-connector-j\8.0.33\mysql-connector-j-8.0.33.jar;J:\MyselfRepo\com\alibaba\druid-spring-boot-3-starter\1.2.24\druid-spring-boot-3-starter-1.2.24.jar;J:\MyselfRepo\com\alibaba\druid\1.2.24\druid-1.2.24.jar;J:\MyselfRepo\org\slf4j\slf4j-api\2.0.13\slf4j-api-2.0.13.jar;J:\MyselfRepo\com\baomidou\mybatis-plus-spring-boot3-starter\3.5.7\mybatis-plus-spring-boot3-starter-3.5.7.jar;J:\MyselfRepo\com\baomidou\mybatis-plus\3.5.7\mybatis-plus-3.5.7.jar;J:\MyselfRepo\com\baomidou\mybatis-plus-core\3.5.7\mybatis-plus-core-3.5.7.jar;J:\MyselfRepo\com\baomidou\mybatis-plus-annotation\3.5.7\mybatis-plus-annotation-3.5.7.jar;J:\MyselfRepo\com\baomidou\mybatis-plus-extension\3.5.7\mybatis-plus-extension-3.5.7.jar;J:\MyselfRepo\org\mybatis\mybatis\3.5.16\mybatis-3.5.16.jar;J:\MyselfRepo\com\github\jsqlparser\jsqlparser\4.9\jsqlparser-4.9.jar;J:\MyselfRepo\org\mybatis\mybatis-spring\3.0.3\mybatis-spring-3.0.3.jar;J:\MyselfRepo\com\baomidou\mybatis-plus-spring-boot-autoconfigure\3.5.7\mybatis-plus-spring-boot-autoconfigure-3.5.7.jar;J:\MyselfRepo\org\springframework\boot\spring-boot-starter-jdbc\3.3.1\spring-boot-starter-jdbc-3.3.1.jar;J:\MyselfRepo\com\zaxxer\HikariCP\5.1.0\HikariCP-5.1.0.jar;J:\MyselfRepo\org\springframework\spring-jdbc\6.1.10\spring-jdbc-6.1.10.jar;J:\MyselfRepo\org\springframework\spring-tx\6.1.10\spring-tx-6.1.10.jar;J:\MyselfRepo\com\github\xiaoymin\knife4j-openapi3-jakarta-spring-boot-starter\4.4.0\knife4j-openapi3-jakarta-spring-boot-starter-4.4.0.jar;J:\MyselfRepo\com\github\xiaoymin\knife4j-core\4.5.0\knife4j-core-4.5.0.jar;J:\MyselfRepo\com\github\xiaoymin\knife4j-openapi3-ui\4.5.0\knife4j-openapi3-ui-4.5.0.jar;J:\MyselfRepo\org\springdoc\springdoc-openapi-starter-webmvc-ui\2.3.0\springdoc-openapi-starter-webmvc-ui-2.3.0.jar;J:\MyselfRepo\org\springdoc\springdoc-openapi-starter-webmvc-api\2.3.0\springdoc-openapi-starter-webmvc-api-2.3.0.jar;J:\MyselfRepo\org\springdoc\springdoc-openapi-starter-common\2.3.0\springdoc-openapi-starter-common-2.3.0.jar;J:\MyselfRepo\io\swagger\core\v3\swagger-core-jakarta\2.2.19\swagger-core-jakarta-2.2.19.jar;J:\MyselfRepo\org\apache\commons\commons-lang3\3.14.0\commons-lang3-3.14.0.jar;J:\MyselfRepo\io\swagger\core\v3\swagger-annotations-jakarta\2.2.19\swagger-annotations-jakarta-2.2.19.jar;J:\MyselfRepo\io\swagger\core\v3\swagger-models-jakarta\2.2.19\swagger-models-jakarta-2.2.19.jar;J:\MyselfRepo\jakarta\validation\jakarta.validation-api\3.0.2\jakarta.validation-api-3.0.2.jar;J:\MyselfRepo\com\fasterxml\jackson\dataformat\jackson-dataformat-yaml\2.17.1\jackson-dataformat-yaml-2.17.1.jar;J:\MyselfRepo\org\webjars\swagger-ui\5.10.3\swagger-ui-5.10.3.jar;J:\MyselfRepo\org\apache\shiro\shiro-spring\2.0.2\shiro-spring-2.0.2.jar;J:\MyselfRepo\org\apache\shiro\shiro-core\2.0.2\shiro-core-2.0.2.jar;J:\MyselfRepo\org\apache\shiro\shiro-lang\2.0.2\shiro-lang-2.0.2.jar;J:\MyselfRepo\org\apache\shiro\shiro-cache\2.0.2\shiro-cache-2.0.2.jar;J:\MyselfRepo\org\apache\shiro\shiro-crypto-hash\2.0.2\shiro-crypto-hash-2.0.2.jar;J:\MyselfRepo\org\apache\shiro\shiro-crypto-core\2.0.2\shiro-crypto-core-2.0.2.jar;J:\MyselfRepo\org\bouncycastle\bcprov-jdk18on\1.79\bcprov-jdk18on-1.79.jar;J:\MyselfRepo\org\apache\shiro\crypto\shiro-hashes-argon2\2.0.2\shiro-hashes-argon2-2.0.2.jar;J:\MyselfRepo\org\apache\shiro\crypto\shiro-hashes-bcrypt\2.0.2\shiro-hashes-bcrypt-2.0.2.jar;J:\MyselfRepo\org\apache\shiro\shiro-crypto-cipher\2.0.2\shiro-crypto-cipher-2.0.2.jar;J:\MyselfRepo\org\apache\shiro\shiro-config-core\2.0.2\shiro-config-core-2.0.2.jar;J:\MyselfRepo\org\apache\shiro\shiro-config-ogdl\2.0.2\shiro-config-ogdl-2.0.2.jar;J:\MyselfRepo\commons-beanutils\commons-beanutils\1.9.4\commons-beanutils-1.9.4.jar;J:\MyselfRepo\commons-collections\commons-collections\3.2.2\commons-collections-3.2.2.jar;J:\MyselfRepo\org\apache\shiro\shiro-event\2.0.2\shiro-event-2.0.2.jar;J:\MyselfRepo\org\apache\shiro\shiro-web\2.0.2\shiro-web-2.0.2.jar;J:\MyselfRepo\org\owasp\encoder\encoder\1.3.1\encoder-1.3.1.jar;J:\MyselfRepo\org\projectlombok\lombok\1.18.22\lombok-1.18.22.jar;J:\MyselfRepo\cn\hutool\hutool-all\5.8.29\hutool-all-5.8.29.jar;J:\MyselfRepo\org\apache\httpcomponents\httpcore\4.4.16\httpcore-4.4.16.jar;J:\MyselfRepo\org\apache\httpcomponents\httpclient\4.5.14\httpclient-4.5.14.jar;J:\MyselfRepo\commons-logging\commons-logging\1.2\commons-logging-1.2.jar;J:\MyselfRepo\commons-codec\commons-codec\1.16.1\commons-codec-1.16.1.jar;J:\MyselfRepo\com\alibaba\fastjson2\fastjson2\2.0.52\fastjson2-2.0.52.jar;J:\MyselfRepo\org\mapstruct\mapstruct\1.5.2.Final\mapstruct-1.5.2.Final.jar;J:\MyselfRepo\org\mapstruct\mapstruct-processor\1.5.2.Final\mapstruct-processor-1.5.2.Final.jar;"/>
    <property name="sun.cpu.endian" value="little"/>
    <property name="user.home" value="C:\Users\admin"/>
    <property name="user.language" value="zh"/>
    <property name="java.specification.vendor" value="Oracle Corporation"/>
    <property name="java.version.date" value="2023-10-17"/>
    <property name="java.home" value="H:\JavaInstall\JDK_Version\JDK17"/>
    <property name="file.separator" value="\"/>
    <property name="basedir" value="I:\Project\Study\springBootTest\springBootTest"/>
    <property name="java.vm.compressedOopsMode" value="Zero based"/>
    <property name="line.separator" value="&#10;"/>
    <property name="java.vm.specification.vendor" value="Oracle Corporation"/>
    <property name="java.specification.name" value="Java Platform API Specification"/>
    <property name="FILE_LOG_CHARSET" value="GBK"/>
    <property name="java.awt.headless" value="true"/>
    <property name="surefire.real.class.path" value="C:\Users\admin\AppData\Local\Temp\surefire1166832596339256984\surefirebooter-20241207172230806_3.jar"/>
    <property name="user.script" value=""/>
    <property name="sun.management.compiler" value="HotSpot 64-Bit Tiered Compilers"/>
    <property name="java.runtime.version" value="17.0.9+11-LTS-201"/>
    <property name="user.name" value="admin"/>
    <property name="path.separator" value=";"/>
    <property name="os.version" value="10.0"/>
    <property name="java.runtime.name" value="Java(TM) SE Runtime Environment"/>
    <property name="file.encoding" value="GBK"/>
    <property name="java.vm.name" value="Java HotSpot(TM) 64-Bit Server VM"/>
    <property name="localRepository" value="J:\MyselfRepo"/>
    <property name="java.vendor.url.bug" value="https://bugreport.java.com/bugreport/"/>
    <property name="java.io.tmpdir" value="C:\Users\admin\AppData\Local\Temp\"/>
    <property name="idea.version" value="2023.2.5"/>
    <property name="java.version" value="17.0.9"/>
    <property name="user.dir" value="I:\Project\Study\springBootTest\springBootTest"/>
    <property name="os.arch" value="amd64"/>
    <property name="java.vm.specification.name" value="Java Virtual Machine Specification"/>
    <property name="PID" value="16860"/>
    <property name="sun.os.patch.level" value=""/>
    <property name="CONSOLE_LOG_CHARSET" value="GBK"/>
    <property name="native.encoding" value="GBK"/>
    <property name="java.library.path" value="H:\JavaInstall\JDK_Version\JDK17\bin;C:\WINDOWS\Sun\Java\bin;C:\WINDOWS\system32;C:\WINDOWS;H:\PythonInstall\Python\Scripts\;H:\PythonInstall\Python\;C:\WINDOWS\system32;C:\WINDOWS;C:\WINDOWS\System32\Wbem;C:\WINDOWS\System32\WindowsPowerShell\v1.0\;C:\WINDOWS\System32\OpenSSH\;C:\Program Files\dotnet\;H:\JavaInstall\JDK_Version\JDK1.8\bin;H:\JavaInstall\apache-maven-3.8.5\bin;I:\VersionController\Git\cmd;E:\tools\compress\Bandizip\;H:\C++Install\mingw64\bin;H:\WebInstall\nodeJs;C:\Users\admin\AppData\Roaming\npm;E:\own\noteData\UltraEdit;C:\Program Files\IDM Computer Solutions\UltraCompare;C:\Program Files\Microsoft SQL Server\150\Tools\Binn\;C:\Program Files\Microsoft SQL Server\Client SDK\ODBC\170\Tools\Binn\;C:\Program Files (x86)\Windows Kits\10\Windows Performance Toolkit\;H:\C++Install\CLion 2023.2.2\bin\ninja\win\x64\ninja.exe;H:\database\sqlite;C:\Program Files\MySQL\MySQL Shell 8.0\bin\;C:\Users\admin\AppData\Local\Microsoft\WindowsApps;;E:\tools\PacketCapture\mitmproxy\bin;C:\Users\admin\.dotnet\tools;."/>
    <property name="java.vm.info" value="mixed mode, sharing"/>
    <property name="java.vendor" value="Oracle Corporation"/>
    <property name="java.vm.version" value="17.0.9+11-LTS-201"/>
    <property name="sun.io.unicode.encoding" value="UnicodeLittle"/>
    <property name="maven.repo.local" value="J:\MyselfRepo"/>
    <property name="java.class.version" value="61.0"/>
  </properties>
  <testcase name="contextLoads" classname="com.squirtle.test.SpringBootTestApplicationTests" time="0.952">
    <system-out><![CDATA[17:22:31.383 [main] INFO org.springframework.test.context.support.AnnotationConfigContextLoaderUtils -- Could not detect default configuration classes for test class [com.squirtle.test.SpringBootTestApplicationTests]: SpringBootTestApplicationTests does not declare any static, non-private, non-final, nested classes annotated with @Configuration.
17:22:31.452 [main] INFO org.springframework.boot.test.context.SpringBootTestContextBootstrapper -- Found @SpringBootConfiguration com.squirtle.test.SpringBootTestApplication for test class com.squirtle.test.SpringBootTestApplicationTests

  .   ____          _            __ _ _
 /\\ / ___'_ __ _ _(_)_ __  __ _ \ \ \ \
( ( )\___ | '_ | '_| | '_ \/ _` | \ \ \ \
 \\/  ___)| |_)| | | | | || (_| |  ) ) ) )
  '  |____| .__|_| |_|_| |_\__, | / / / /
 =========|_|==============|___/=/_/_/_/

 :: Spring Boot ::                (v3.3.1)

2024-12-07T17:22:31.788+08:00  INFO 16860 --- [           main] c.s.test.SpringBootTestApplicationTests  : Starting SpringBootTestApplicationTests using Java 17.0.9 with PID 16860 (started by admin in I:\Project\Study\springBootTest\springBootTest)
2024-12-07T17:22:31.789+08:00  INFO 16860 --- [           main] c.s.test.SpringBootTestApplicationTests  : No active profile set, falling back to 1 default profile: "default"
2024-12-07T17:22:32.531+08:00  WARN 16860 --- [           main] trationDelegate$BeanPostProcessorChecker : Bean 'shiroConfig' of type [com.squirtle.test.main.commons.config.ShiroConfig$$SpringCGLIB$$0] is not eligible for getting processed by all BeanPostProcessors (for example: not eligible for auto-proxying). The currently created BeanPostProcessor [lifecycleBeanPostProcessor] is declared through a non-static factory method on that class; consider declaring it as static instead.
2024-12-07T17:22:32.649+08:00  WARN 16860 --- [           main] trationDelegate$BeanPostProcessorChecker : Bean 'org.springframework.boot.autoconfigure.sql.init.DataSourceInitializationConfiguration' of type [org.springframework.boot.autoconfigure.sql.init.DataSourceInitializationConfiguration] is not eligible for getting processed by all BeanPostProcessors (for example: not eligible for auto-proxying). Is this bean getting eagerly injected into a currently created BeanPostProcessor [persistenceExceptionTranslationPostProcessor]? Check the corresponding BeanPostProcessor declaration and its dependencies.
2024-12-07T17:22:32.650+08:00  WARN 16860 --- [           main] trationDelegate$BeanPostProcessorChecker : Bean 'druidConfig' of type [com.squirtle.test.main.commons.config.DruidConfig$$SpringCGLIB$$0] is not eligible for getting processed by all BeanPostProcessors (for example: not eligible for auto-proxying). Is this bean getting eagerly injected into a currently created BeanPostProcessor [persistenceExceptionTranslationPostProcessor]? Check the corresponding BeanPostProcessor declaration and its dependencies.
2024-12-07T17:22:32.706+08:00  WARN 16860 --- [           main] trationDelegate$BeanPostProcessorChecker : Bean 'druidDataSource' of type [com.alibaba.druid.pool.DruidDataSource] is not eligible for getting processed by all BeanPostProcessors (for example: not eligible for auto-proxying). Is this bean getting eagerly injected into a currently created BeanPostProcessor [persistenceExceptionTranslationPostProcessor]? Check the corresponding BeanPostProcessor declaration and its dependencies.
2024-12-07T17:22:32.711+08:00  WARN 16860 --- [           main] trationDelegate$BeanPostProcessorChecker : Bean 'spring.sql.init-org.springframework.boot.autoconfigure.sql.init.SqlInitializationProperties' of type [org.springframework.boot.autoconfigure.sql.init.SqlInitializationProperties] is not eligible for getting processed by all BeanPostProcessors (for example: not eligible for auto-proxying). Is this bean getting eagerly injected into a currently created BeanPostProcessor [persistenceExceptionTranslationPostProcessor]? Check the corresponding BeanPostProcessor declaration and its dependencies.
2024-12-07T17:22:32.719+08:00  WARN 16860 --- [           main] trationDelegate$BeanPostProcessorChecker : Bean 'dataSourceScriptDatabaseInitializer' of type [org.springframework.boot.autoconfigure.sql.init.SqlDataSourceScriptDatabaseInitializer] is not eligible for getting processed by all BeanPostProcessors (for example: not eligible for auto-proxying). Is this bean getting eagerly injected into a currently created BeanPostProcessor [persistenceExceptionTranslationPostProcessor]? Check the corresponding BeanPostProcessor declaration and its dependencies.
2024-12-07T17:22:32.732+08:00  WARN 16860 --- [           main] trationDelegate$BeanPostProcessorChecker : Bean 'mybatis-plus-com.baomidou.mybatisplus.autoconfigure.MybatisPlusProperties' of type [com.baomidou.mybatisplus.autoconfigure.MybatisPlusProperties] is not eligible for getting processed by all BeanPostProcessors (for example: not eligible for auto-proxying). Is this bean getting eagerly injected into a currently created BeanPostProcessor [persistenceExceptionTranslationPostProcessor]? Check the corresponding BeanPostProcessor declaration and its dependencies.
2024-12-07T17:22:32.741+08:00  WARN 16860 --- [           main] trationDelegate$BeanPostProcessorChecker : Bean 'com.baomidou.mybatisplus.autoconfigure.MybatisPlusAutoConfiguration' of type [com.baomidou.mybatisplus.autoconfigure.MybatisPlusAutoConfiguration] is not eligible for getting processed by all BeanPostProcessors (for example: not eligible for auto-proxying). Is this bean getting eagerly injected into a currently created BeanPostProcessor [persistenceExceptionTranslationPostProcessor]? Check the corresponding BeanPostProcessor declaration and its dependencies.
 _ _   |_  _ _|_. ___ _ |    _ 
| | |\/|_)(_| | |_\  |_)||_|_\ 
     /               |         
                        3.5.7 
2024-12-07T17:22:33.077+08:00  WARN 16860 --- [           main] trationDelegate$BeanPostProcessorChecker : Bean 'sqlSessionFactory' of type [org.apache.ibatis.session.defaults.DefaultSqlSessionFactory] is not eligible for getting processed by all BeanPostProcessors (for example: not eligible for auto-proxying). Is this bean getting eagerly injected into a currently created BeanPostProcessor [persistenceExceptionTranslationPostProcessor]? Check the corresponding BeanPostProcessor declaration and its dependencies.
2024-12-07T17:22:33.081+08:00  WARN 16860 --- [           main] trationDelegate$BeanPostProcessorChecker : Bean 'sqlSessionTemplate' of type [org.mybatis.spring.SqlSessionTemplate] is not eligible for getting processed by all BeanPostProcessors (for example: not eligible for auto-proxying). Is this bean getting eagerly injected into a currently created BeanPostProcessor [persistenceExceptionTranslationPostProcessor]? Check the corresponding BeanPostProcessor declaration and its dependencies.
2024-12-07T17:22:33.081+08:00  WARN 16860 --- [           main] trationDelegate$BeanPostProcessorChecker : Bean 'sysUserMapper' of type [org.mybatis.spring.mapper.MapperFactoryBean] is not eligible for getting processed by all BeanPostProcessors (for example: not eligible for auto-proxying). Is this bean getting eagerly injected into a currently created BeanPostProcessor [persistenceExceptionTranslationPostProcessor]? Check the corresponding BeanPostProcessor declaration and its dependencies.
2024-12-07T17:22:33.083+08:00  WARN 16860 --- [           main] trationDelegate$BeanPostProcessorChecker : Bean 'sysUserMapper' of type [jdk.proxy2.$Proxy77] is not eligible for getting processed by all BeanPostProcessors (for example: not eligible for auto-proxying). Is this bean getting eagerly injected into a currently created BeanPostProcessor [persistenceExceptionTranslationPostProcessor]? Check the corresponding BeanPostProcessor declaration and its dependencies.
2024-12-07T17:22:33.084+08:00  WARN 16860 --- [           main] trationDelegate$BeanPostProcessorChecker : Bean 'sysUserDao' of type [com.squirtle.test.main.dao.SysUserDao] is not eligible for getting processed by all BeanPostProcessors (for example: not eligible for auto-proxying). Is this bean getting eagerly injected into a currently created BeanPostProcessor [persistenceExceptionTranslationPostProcessor]? Check the corresponding BeanPostProcessor declaration and its dependencies.
2024-12-07T17:22:33.085+08:00  WARN 16860 --- [           main] trationDelegate$BeanPostProcessorChecker : Bean 'sysRoleMapper' of type [org.mybatis.spring.mapper.MapperFactoryBean] is not eligible for getting processed by all BeanPostProcessors (for example: not eligible for auto-proxying). Is this bean getting eagerly injected into a currently created BeanPostProcessor [persistenceExceptionTranslationPostProcessor]? Check the corresponding BeanPostProcessor declaration and its dependencies.
2024-12-07T17:22:33.086+08:00  WARN 16860 --- [           main] trationDelegate$BeanPostProcessorChecker : Bean 'sysRoleMapper' of type [jdk.proxy2.$Proxy78] is not eligible for getting processed by all BeanPostProcessors (for example: not eligible for auto-proxying). Is this bean getting eagerly injected into a currently created BeanPostProcessor [persistenceExceptionTranslationPostProcessor]? Check the corresponding BeanPostProcessor declaration and its dependencies.
2024-12-07T17:22:33.086+08:00  WARN 16860 --- [           main] trationDelegate$BeanPostProcessorChecker : Bean 'sysRoleDao' of type [com.squirtle.test.main.dao.SysRoleDao] is not eligible for getting processed by all BeanPostProcessors (for example: not eligible for auto-proxying). Is this bean getting eagerly injected into a currently created BeanPostProcessor [persistenceExceptionTranslationPostProcessor]? Check the corresponding BeanPostProcessor declaration and its dependencies.
2024-12-07T17:22:33.087+08:00  WARN 16860 --- [           main] trationDelegate$BeanPostProcessorChecker : Bean 'sysPermissionMapper' of type [org.mybatis.spring.mapper.MapperFactoryBean] is not eligible for getting processed by all BeanPostProcessors (for example: not eligible for auto-proxying). Is this bean getting eagerly injected into a currently created BeanPostProcessor [persistenceExceptionTranslationPostProcessor]? Check the corresponding BeanPostProcessor declaration and its dependencies.
2024-12-07T17:22:33.088+08:00  WARN 16860 --- [           main] trationDelegate$BeanPostProcessorChecker : Bean 'sysPermissionMapper' of type [jdk.proxy2.$Proxy79] is not eligible for getting processed by all BeanPostProcessors (for example: not eligible for auto-proxying). Is this bean getting eagerly injected into a currently created BeanPostProcessor [persistenceExceptionTranslationPostProcessor]? Check the corresponding BeanPostProcessor declaration and its dependencies.
2024-12-07T17:22:33.088+08:00  WARN 16860 --- [           main] trationDelegate$BeanPostProcessorChecker : Bean 'sysPermissionDao' of type [com.squirtle.test.main.dao.SysPermissionDao] is not eligible for getting processed by all BeanPostProcessors (for example: not eligible for auto-proxying). Is this bean getting eagerly injected into a currently created BeanPostProcessor [persistenceExceptionTranslationPostProcessor]? Check the corresponding BeanPostProcessor declaration and its dependencies.
2024-12-07T17:22:33.088+08:00  WARN 16860 --- [           main] trationDelegate$BeanPostProcessorChecker : Bean 'sysUserServiceImpl' of type [com.squirtle.test.main.service.impl.SysUserServiceImpl] is not eligible for getting processed by all BeanPostProcessors (for example: not eligible for auto-proxying). Is this bean getting eagerly injected into a currently created BeanPostProcessor [persistenceExceptionTranslationPostProcessor]? Check the corresponding BeanPostProcessor declaration and its dependencies.
2024-12-07T17:22:33.089+08:00  WARN 16860 --- [           main] trationDelegate$BeanPostProcessorChecker : Bean 'myShiroRealm' of type [com.squirtle.test.main.commons.config.realm.MyShiroRealm] is not eligible for getting processed by all BeanPostProcessors (for example: not eligible for auto-proxying). Is this bean getting eagerly injected into a currently created BeanPostProcessor [persistenceExceptionTranslationPostProcessor]? Check the corresponding BeanPostProcessor declaration and its dependencies.
2024-12-07T17:22:33.090+08:00  WARN 16860 --- [           main] trationDelegate$BeanPostProcessorChecker : Bean 'securityManager' of type [org.apache.shiro.web.mgt.DefaultWebSecurityManager] is not eligible for getting processed by all BeanPostProcessors (for example: not eligible for auto-proxying). Is this bean getting eagerly injected into a currently created BeanPostProcessor [persistenceExceptionTranslationPostProcessor]? Check the corresponding BeanPostProcessor declaration and its dependencies.
2024-12-07T17:22:33.117+08:00  WARN 16860 --- [           main] trationDelegate$BeanPostProcessorChecker : Bean 'authorizationAttributeSourceAdvisor' of type [org.apache.shiro.spring.security.interceptor.AuthorizationAttributeSourceAdvisor] is not eligible for getting processed by all BeanPostProcessors (for example: not eligible for auto-proxying). Is this bean getting eagerly injected into a currently created BeanPostProcessor []? Check the corresponding BeanPostProcessor declaration and its dependencies.
2024-12-07T17:22:34.368+08:00  INFO 16860 --- [           main] c.s.test.SpringBootTestApplicationTests  : Started SpringBootTestApplicationTests in 2.787 seconds (process running for 3.456)
]]></system-out>
  </testcase>
</testsuite>